<?xml version="1.0" encoding="UTF-8"?>
<!-- Generated by org.testng.reporters.JUnitReportReporter -->
<testsuite hostname="DESKTOP-5DJG0VO" failures="0" tests="1" name="com.ninza.hrm.api.projecttest.ProjectTest1" time="4.073" errors="0" timestamp="2024-08-14T12:30:09 IST" skipped="0">
  <testcase classname="com.ninza.hrm.api.projecttest.ProjectTest1" name="addSingleProjectWithCreatedTest" time="4.073"/>
</testsuite> <!-- com.ninza.hrm.api.projecttest.ProjectTest1 -->
